2025-07-10 19:36:29-ArithmeticApp-DEBUG-Adding {a}+{b} = {result}
2025-07-10 19:36:29-ArithmeticApp-DEBUG-Subtracting {a}-{b} = {result}
2025-07-10 19:36:29-ArithmeticApp-DEBUG-Divide {a} / {b} = {result}
2025-07-10 19:36:37-ArithmeticApp-DEBUG-Adding {a}+{b} = {result}
2025-07-10 19:36:37-ArithmeticApp-DEBUG-Subtracting {a}-{b} = {result}
2025-07-10 19:36:37-ArithmeticApp-DEBUG-Divide {a} / {b} = {result}
2025-07-10 19:37:43-ArithmeticApp-DEBUG-Adding {a}+{b} = {result}
2025-07-10 19:37:43-ArithmeticApp-DEBUG-Subtracting {a}-{b} = {result}
2025-07-10 19:37:43-ArithmeticApp-DEBUG-Divide {a} / {b} = {result}
2025-07-10 19:37:50-ArithmeticApp-DEBUG-Adding {a}+{b} = {result}
2025-07-10 19:37:50-ArithmeticApp-DEBUG-Subtracting {a}-{b} = {result}
2025-07-10 19:37:50-ArithmeticApp-DEBUG-Divide {a} / {b} = {result}
2025-07-10 19:39:24-ArithmeticApp-DEBUG-Adding 10+15 = 25
2025-07-10 19:39:24-ArithmeticApp-DEBUG-Subtracting 10-15 = -5
2025-07-10 19:39:24-ArithmeticApp-DEBUG-Divide 4 / 2 = 2.0
2025-07-10 19:39:36-ArithmeticApp-DEBUG-Adding 10+15 = 25
2025-07-10 19:39:36-ArithmeticApp-DEBUG-Subtracting 10-15 = -5
2025-07-10 19:39:36-ArithmeticApp-DEBUG-Divide 4 / 2 = 2.0
2025-07-10 19:40:32-ArithmeticApp-DEBUG-Adding 10 + 15 = 25
2025-07-10 19:40:32-ArithmeticApp-DEBUG-Subtracting 10 - 15 = -5
2025-07-10 19:40:32-ArithmeticApp-DEBUG-Divide 4 / 2 = 2.0
